2025-10-13 01:07:03 [INFO]: Connected to MongoDB: mongodb://localhost:27017/enterprise_task_management
{
  "service": "task-management-api"
}
2025-10-13 01:07:24 [INFO]: Connected to MongoDB: mongodb://localhost:27017/enterprise_task_management
{
  "service": "task-management-api"
}
2025-10-13 01:08:13 [INFO]: Connected to MongoDB: mongodb://localhost:27017/enterprise_task_management
{
  "service": "task-management-api"
}
2025-10-13 01:08:13 [INFO]: Connected to MongoDB: mongodb://localhost:27017/enterprise_task_management
{
  "service": "task-management-api"
}
2025-10-13 01:09:07 [INFO]: Connected to MongoDB: mongodb://localhost:27017/enterprise_task_management
{
  "service": "task-management-api"
}
2025-10-13 01:09:07 [INFO]: Connected to MongoDB: mongodb://localhost:27017/enterprise_task_management
{
  "service": "task-management-api"
}
2025-10-13 01:09:35 [INFO]: Connected to MongoDB: mongodb://localhost:27017/enterprise_task_management
{
  "service": "task-management-api"
}
2025-10-13 01:09:35 [INFO]: Connected to MongoDB: mongodb://localhost:27017/enterprise_task_management
{
  "service": "task-management-api"
}
2025-10-13 01:09:45 [INFO]: Connected to MongoDB: mongodb://localhost:27017/enterprise_task_management
{
  "service": "task-management-api"
}
2025-10-13 01:10:53 [INFO]: Connected to MongoDB: mongodb://localhost:27017/enterprise_task_management
{
  "service": "task-management-api"
}
2025-10-13 01:11:21 [INFO]: Connected to MongoDB: mongodb://localhost:27017/enterprise_task_management
{
  "service": "task-management-api"
}
2025-10-13 01:11:22 [INFO]: Connected to MongoDB: mongodb://localhost:27017/enterprise_task_management
{
  "service": "task-management-api"
}
2025-10-13 01:12:03 [INFO]: Connected to MongoDB: mongodb://localhost:27017/enterprise_task_management
{
  "service": "task-management-api"
}
2025-10-13 01:12:03 [INFO]: Connected to MongoDB: mongodb://localhost:27017/enterprise_task_management
{
  "service": "task-management-api"
}
2025-10-13 01:17:06 [INFO]: Connected to MongoDB: mongodb://localhost:27017/enterprise_task_management
{
  "service": "task-management-api"
}
2025-10-13 01:17:06 [INFO]: Server running on port 5000 in development mode
{
  "service": "task-management-api"
}
2025-10-13 01:17:06 [INFO]: API documentation available at http://localhost:5000/api/docs
{
  "service": "task-management-api"
}
2025-10-13 01:18:27 [INFO]: Connected to MongoDB: mongodb://localhost:27017/enterprise_task_management
{
  "service": "task-management-api"
}
2025-10-13 01:18:27 [INFO]: Server running on port 5000 in development mode
{
  "service": "task-management-api"
}
2025-10-13 01:18:27 [INFO]: API documentation available at http://localhost:5000/api/docs
{
  "service": "task-management-api"
}
2025-10-13 01:18:27 [INFO]: Connected to MongoDB: mongodb://localhost:27017/enterprise_task_management
{
  "service": "task-management-api"
}
2025-10-13 01:18:27 [INFO]: Connected to MongoDB: mongodb://localhost:27017/enterprise_task_management
{
  "service": "task-management-api"
}
2025-10-13 01:19:01 [INFO]: Connected to MongoDB: mongodb://localhost:27017/enterprise_task_management
{
  "service": "task-management-api"
}
2025-10-13 01:19:01 [INFO]: Server running on port 5000 in development mode
{
  "service": "task-management-api"
}
2025-10-13 01:19:01 [INFO]: API documentation available at http://localhost:5000/api/docs
{
  "service": "task-management-api"
}
2025-10-13 01:19:01 [INFO]: Connected to MongoDB: mongodb://localhost:27017/enterprise_task_management
{
  "service": "task-management-api"
}
2025-10-13 01:19:01 [INFO]: Connected to MongoDB: mongodb://localhost:27017/enterprise_task_management
{
  "service": "task-management-api"
}
2025-10-13 01:19:09 [INFO]: Connected to MongoDB: mongodb://localhost:27017/enterprise_task_management
{
  "service": "task-management-api"
}
2025-10-13 01:19:09 [INFO]: Server running on port 5000 in development mode
{
  "service": "task-management-api"
}
2025-10-13 01:19:09 [INFO]: API documentation available at http://localhost:5000/api/docs
{
  "service": "task-management-api"
}
2025-10-13 01:19:09 [INFO]: Connected to MongoDB: mongodb://localhost:27017/enterprise_task_management
{
  "service": "task-management-api"
}
2025-10-13 01:19:09 [INFO]: Connected to MongoDB: mongodb://localhost:27017/enterprise_task_management
{
  "service": "task-management-api"
}
2025-10-13 01:19:22 [INFO]: Connected to MongoDB: mongodb://localhost:27017/enterprise_task_management
{
  "service": "task-management-api"
}
2025-10-13 01:19:22 [INFO]: Server running on port 5000 in development mode
{
  "service": "task-management-api"
}
2025-10-13 01:19:22 [INFO]: API documentation available at http://localhost:5000/api/docs
{
  "service": "task-management-api"
}
2025-10-13 01:19:22 [INFO]: Connected to MongoDB: mongodb://localhost:27017/enterprise_task_management
{
  "service": "task-management-api"
}
2025-10-13 01:19:22 [INFO]: Connected to MongoDB: mongodb://localhost:27017/enterprise_task_management
{
  "service": "task-management-api"
}
2025-10-13 01:21:40 [INFO]: Connected to MongoDB: mongodb://localhost:27017/enterprise_task_management
{
  "service": "task-management-api"
}
2025-10-13 01:21:40 [INFO]: Connected to MongoDB: mongodb://localhost:27017/enterprise_task_management
{
  "service": "task-management-api"
}
2025-10-13 01:21:40 [INFO]: Server running on port 5000 in development mode
{
  "service": "task-management-api"
}
2025-10-13 01:21:40 [INFO]: API documentation available at http://localhost:5000/api/docs
{
  "service": "task-management-api"
}
2025-10-13 01:21:41 [INFO]: Connected to MongoDB: mongodb://localhost:27017/enterprise_task_management
{
  "service": "task-management-api"
}
2025-10-13 01:21:51 [INFO]: Connected to MongoDB: mongodb://localhost:27017/enterprise_task_management
{
  "service": "task-management-api"
}
2025-10-13 01:21:51 [INFO]: Connected to MongoDB: mongodb://localhost:27017/enterprise_task_management
{
  "service": "task-management-api"
}
2025-10-13 01:21:51 [INFO]: Connected to MongoDB: mongodb://localhost:27017/enterprise_task_management
{
  "service": "task-management-api"
}
2025-10-13 01:21:51 [INFO]: Server running on port 5000 in development mode
{
  "service": "task-management-api"
}
2025-10-13 01:21:51 [INFO]: API documentation available at http://localhost:5000/api/docs
{
  "service": "task-management-api"
}
2025-10-13 19:12:32 [INFO]: Connected to MongoDB: mongodb://localhost:27017/enterprise_task_management
{
  "service": "task-management-api"
}
2025-10-13 19:12:32 [INFO]: Server running on port 5000 in development mode
{
  "service": "task-management-api"
}
2025-10-13 19:12:32 [INFO]: API documentation available at http://localhost:5000/api/docs
{
  "service": "task-management-api"
}
2025-10-13 19:15:24 [INFO]: ::1 - - [13/Oct/2025:13:45:24 +0000] "POST /api/auth/login HTTP/1.1" 401 55 "http://localhost:3000/" "Mozilla/5.0 (Windows NT 10.0; Win64; x64) AppleWebKit/537.36 (KHTML, like Gecko) Chrome/141.0.0.0 Safari/537.36"
{
  "service": "task-management-api"
}
2025-10-13 19:15:42 [INFO]: ::1 - - [13/Oct/2025:13:45:42 +0000] "POST /api/auth/login HTTP/1.1" 401 55 "http://localhost:3000/" "Mozilla/5.0 (Windows NT 10.0; Win64; x64) AppleWebKit/537.36 (KHTML, like Gecko) Chrome/141.0.0.0 Safari/537.36"
{
  "service": "task-management-api"
}
2025-10-13 22:31:29 [INFO]: Connected to MongoDB: mongodb://localhost:27017/enterprise_task_management
{
  "service": "task-management-api"
}
2025-10-13 22:31:29 [INFO]: Server running on port 5000 in development mode
{
  "service": "task-management-api"
}
2025-10-13 22:31:29 [INFO]: API documentation available at http://localhost:5000/api/docs
{
  "service": "task-management-api"
}
2025-10-13 22:53:35 [INFO]: Connected to MongoDB: mongodb+srv://siddharth123:test123@metaupspacetask.rrub2ox.mongodb.net/?retryWrites=true&w=majority&appName=MetaUpSpaceTask
{
  "service": "task-management-api"
}
2025-10-13 22:53:35 [INFO]: Server running on port 5000 in development mode
{
  "service": "task-management-api"
}
2025-10-13 22:53:35 [INFO]: API documentation available at http://localhost:5000/api/docs
{
  "service": "task-management-api"
}
2025-10-13 22:53:56 [INFO]: SIGINT received, shutting down gracefully
{
  "service": "task-management-api"
}
2025-10-13 23:15:45 [INFO]: Connected to MongoDB: mongodb+srv://siddharth123:test123@metaupspacetask.rrub2ox.mongodb.net/?retryWrites=true&w=majority&appName=MetaUpSpaceTask
{
  "service": "task-management-api"
}
2025-10-13 23:15:45 [INFO]: Server running on port 5000 in development mode
{
  "service": "task-management-api"
}
2025-10-13 23:15:45 [INFO]: API documentation available at http://localhost:5000/api/docs
{
  "service": "task-management-api"
}
2025-10-13 23:16:45 [INFO]: ::1 - - [13/Oct/2025:17:46:45 +0000] "POST /api/auth/login HTTP/1.1" 401 55 "http://localhost:3000/" "Mozilla/5.0 (Windows NT 10.0; Win64; x64) AppleWebKit/537.36 (KHTML, like Gecko) Chrome/141.0.0.0 Safari/537.36"
{
  "service": "task-management-api"
}
2025-10-13 23:16:51 [INFO]: ::1 - - [13/Oct/2025:17:46:51 +0000] "POST /api/auth/login HTTP/1.1" 401 55 "http://localhost:3000/" "Mozilla/5.0 (Windows NT 10.0; Win64; x64) AppleWebKit/537.36 (KHTML, like Gecko) Chrome/141.0.0.0 Safari/537.36"
{
  "service": "task-management-api"
}
2025-10-13 23:16:53 [INFO]: ::1 - - [13/Oct/2025:17:46:53 +0000] "POST /api/auth/login HTTP/1.1" 401 55 "http://localhost:3000/" "Mozilla/5.0 (Windows NT 10.0; Win64; x64) AppleWebKit/537.36 (KHTML, like Gecko) Chrome/141.0.0.0 Safari/537.36"
{
  "service": "task-management-api"
}
2025-10-13 23:17:05 [INFO]: ::1 - - [13/Oct/2025:17:47:05 +0000] "POST /api/auth/login HTTP/1.1" 401 55 "http://localhost:3000/" "Mozilla/5.0 (Windows NT 10.0; Win64; x64) AppleWebKit/537.36 (KHTML, like Gecko) Chrome/141.0.0.0 Safari/537.36"
{
  "service": "task-management-api"
}
2025-10-13 23:20:11 [INFO]: Connected to MongoDB: mongodb+srv://siddharth123:test123@metaupspacetask.rrub2ox.mongodb.net/?retryWrites=true&w=majority&appName=MetaUpSpaceTask
{
  "service": "task-management-api"
}
2025-10-13 23:20:11 [INFO]: Server running on port 5000 in development mode
{
  "service": "task-management-api"
}
2025-10-13 23:20:11 [INFO]: API documentation available at http://localhost:5000/api/docs
{
  "service": "task-management-api"
}
2025-10-13 23:20:35 [INFO]: SIGINT received, shutting down gracefully
{
  "service": "task-management-api"
}
2025-10-13 23:23:04 [INFO]: Connected to MongoDB: mongodb+srv://siddharth123:test123@metaupspacetask.rrub2ox.mongodb.net/?retryWrites=true&w=majority&appName=MetaUpSpaceTask
{
  "service": "task-management-api"
}
2025-10-13 23:23:04 [INFO]: Server running on port 5000 in development mode
{
  "service": "task-management-api"
}
2025-10-13 23:23:04 [INFO]: API documentation available at http://localhost:5000/api/docs
{
  "service": "task-management-api"
}
2025-10-13 23:24:27 [INFO]: Connected to MongoDB: mongodb+srv://siddharth123:test123@metaupspacetask.rrub2ox.mongodb.net/?retryWrites=true&w=majority&appName=MetaUpSpaceTask
{
  "service": "task-management-api"
}
2025-10-13 23:24:27 [INFO]: Server running on port 5000 in development mode
{
  "service": "task-management-api"
}
2025-10-13 23:24:27 [INFO]: API documentation available at http://localhost:5000/api/docs
{
  "service": "task-management-api"
}
2025-10-13 23:25:00 [INFO]: ::1 - - [13/Oct/2025:17:55:00 +0000] "POST /api/auth/login HTTP/1.1" 200 831 "http://localhost:3000/" "Mozilla/5.0 (Windows NT 10.0; Win64; x64) AppleWebKit/537.36 (KHTML, like Gecko) Chrome/141.0.0.0 Safari/537.36"
{
  "service": "task-management-api"
}
2025-10-13 23:25:00 [INFO]: ::1 - - [13/Oct/2025:17:55:00 +0000] "GET /api/analytics/dashboard HTTP/1.1" 200 271 "http://localhost:3000/" "Mozilla/5.0 (Windows NT 10.0; Win64; x64) AppleWebKit/537.36 (KHTML, like Gecko) Chrome/141.0.0.0 Safari/537.36"
{
  "service": "task-management-api"
}
2025-10-13 23:25:01 [INFO]: ::1 - - [13/Oct/2025:17:55:01 +0000] "GET /api/analytics/dashboard HTTP/1.1" 304 - "http://localhost:3000/" "Mozilla/5.0 (Windows NT 10.0; Win64; x64) AppleWebKit/537.36 (KHTML, like Gecko) Chrome/141.0.0.0 Safari/537.36"
{
  "service": "task-management-api"
}
2025-10-13 23:25:13 [INFO]: ::1 - - [13/Oct/2025:17:55:13 +0000] "GET /api/projects? HTTP/1.1" 200 158 "http://localhost:3000/" "Mozilla/5.0 (Windows NT 10.0; Win64; x64) AppleWebKit/537.36 (KHTML, like Gecko) Chrome/141.0.0.0 Safari/537.36"
{
  "service": "task-management-api"
}
2025-10-13 23:25:13 [INFO]: ::1 - - [13/Oct/2025:17:55:13 +0000] "GET /api/projects? HTTP/1.1" 304 - "http://localhost:3000/" "Mozilla/5.0 (Windows NT 10.0; Win64; x64) AppleWebKit/537.36 (KHTML, like Gecko) Chrome/141.0.0.0 Safari/537.36"
{
  "service": "task-management-api"
}
2025-10-13 23:55:40 [INFO]: ::1 - - [13/Oct/2025:18:25:40 +0000] "GET /api/auth/profile HTTP/1.1" 200 344 "http://localhost:3000/" "Mozilla/5.0 (Windows NT 10.0; Win64; x64) AppleWebKit/537.36 (KHTML, like Gecko) Chrome/141.0.0.0 Safari/537.36"
{
  "service": "task-management-api"
}
2025-10-13 23:55:40 [INFO]: ::1 - - [13/Oct/2025:18:25:40 +0000] "GET /api/auth/profile HTTP/1.1" 304 - "http://localhost:3000/" "Mozilla/5.0 (Windows NT 10.0; Win64; x64) AppleWebKit/537.36 (KHTML, like Gecko) Chrome/141.0.0.0 Safari/537.36"
{
  "service": "task-management-api"
}
2025-10-13 23:55:40 [INFO]: ::1 - - [13/Oct/2025:18:25:40 +0000] "GET /api/analytics/dashboard HTTP/1.1" 304 - "http://localhost:3000/" "Mozilla/5.0 (Windows NT 10.0; Win64; x64) AppleWebKit/537.36 (KHTML, like Gecko) Chrome/141.0.0.0 Safari/537.36"
{
  "service": "task-management-api"
}
2025-10-13 23:55:40 [INFO]: ::1 - - [13/Oct/2025:18:25:40 +0000] "GET /api/analytics/dashboard HTTP/1.1" 304 - "http://localhost:3000/" "Mozilla/5.0 (Windows NT 10.0; Win64; x64) AppleWebKit/537.36 (KHTML, like Gecko) Chrome/141.0.0.0 Safari/537.36"
{
  "service": "task-management-api"
}
2025-10-13 23:55:42 [INFO]: ::1 - - [13/Oct/2025:18:25:42 +0000] "POST /api/auth/logout HTTP/1.1" 200 89 "http://localhost:3000/" "Mozilla/5.0 (Windows NT 10.0; Win64; x64) AppleWebKit/537.36 (KHTML, like Gecko) Chrome/141.0.0.0 Safari/537.36"
{
  "service": "task-management-api"
}
2025-10-13 23:55:51 [INFO]: ::1 - - [13/Oct/2025:18:25:51 +0000] "POST /api/auth/login HTTP/1.1" 200 857 "http://localhost:3000/" "Mozilla/5.0 (Windows NT 10.0; Win64; x64) AppleWebKit/537.36 (KHTML, like Gecko) Chrome/141.0.0.0 Safari/537.36"
{
  "service": "task-management-api"
}
2025-10-13 23:55:51 [INFO]: ::1 - - [13/Oct/2025:18:25:51 +0000] "GET /api/analytics/dashboard HTTP/1.1" 304 - "http://localhost:3000/" "Mozilla/5.0 (Windows NT 10.0; Win64; x64) AppleWebKit/537.36 (KHTML, like Gecko) Chrome/141.0.0.0 Safari/537.36"
{
  "service": "task-management-api"
}
2025-10-13 23:55:52 [INFO]: ::1 - - [13/Oct/2025:18:25:52 +0000] "GET /api/analytics/dashboard HTTP/1.1" 304 - "http://localhost:3000/" "Mozilla/5.0 (Windows NT 10.0; Win64; x64) AppleWebKit/537.36 (KHTML, like Gecko) Chrome/141.0.0.0 Safari/537.36"
{
  "service": "task-management-api"
}
2025-10-13 23:55:59 [INFO]: ::1 - - [13/Oct/2025:18:25:59 +0000] "GET /api/analytics/dashboard HTTP/1.1" 304 - "http://localhost:3000/" "Mozilla/5.0 (Windows NT 10.0; Win64; x64) AppleWebKit/537.36 (KHTML, like Gecko) Chrome/141.0.0.0 Safari/537.36"
{
  "service": "task-management-api"
}
2025-10-13 23:55:59 [INFO]: ::1 - - [13/Oct/2025:18:25:59 +0000] "GET /api/analytics/dashboard HTTP/1.1" 304 - "http://localhost:3000/" "Mozilla/5.0 (Windows NT 10.0; Win64; x64) AppleWebKit/537.36 (KHTML, like Gecko) Chrome/141.0.0.0 Safari/537.36"
{
  "service": "task-management-api"
}
2025-10-13 23:55:59 [INFO]: ::1 - - [13/Oct/2025:18:25:59 +0000] "GET /api/projects? HTTP/1.1" 304 - "http://localhost:3000/" "Mozilla/5.0 (Windows NT 10.0; Win64; x64) AppleWebKit/537.36 (KHTML, like Gecko) Chrome/141.0.0.0 Safari/537.36"
{
  "service": "task-management-api"
}
2025-10-13 23:56:00 [INFO]: ::1 - - [13/Oct/2025:18:26:00 +0000] "GET /api/projects? HTTP/1.1" 304 - "http://localhost:3000/" "Mozilla/5.0 (Windows NT 10.0; Win64; x64) AppleWebKit/537.36 (KHTML, like Gecko) Chrome/141.0.0.0 Safari/537.36"
{
  "service": "task-management-api"
}
2025-10-14 00:31:39 [INFO]: ::1 - - [13/Oct/2025:19:01:39 +0000] "GET /api/auth/profile HTTP/1.1" 200 358 "http://localhost:3000/" "Mozilla/5.0 (Windows NT 10.0; Win64; x64) AppleWebKit/537.36 (KHTML, like Gecko) Chrome/141.0.0.0 Safari/537.36"
{
  "service": "task-management-api"
}
2025-10-14 00:31:39 [INFO]: ::1 - - [13/Oct/2025:19:01:39 +0000] "GET /api/auth/profile HTTP/1.1" 304 - "http://localhost:3000/" "Mozilla/5.0 (Windows NT 10.0; Win64; x64) AppleWebKit/537.36 (KHTML, like Gecko) Chrome/141.0.0.0 Safari/537.36"
{
  "service": "task-management-api"
}
2025-10-14 00:31:39 [INFO]: ::1 - - [13/Oct/2025:19:01:39 +0000] "GET /api/analytics/dashboard HTTP/1.1" 304 - "http://localhost:3000/" "Mozilla/5.0 (Windows NT 10.0; Win64; x64) AppleWebKit/537.36 (KHTML, like Gecko) Chrome/141.0.0.0 Safari/537.36"
{
  "service": "task-management-api"
}
2025-10-14 00:31:40 [INFO]: ::1 - - [13/Oct/2025:19:01:40 +0000] "GET /api/analytics/dashboard HTTP/1.1" 304 - "http://localhost:3000/" "Mozilla/5.0 (Windows NT 10.0; Win64; x64) AppleWebKit/537.36 (KHTML, like Gecko) Chrome/141.0.0.0 Safari/537.36"
{
  "service": "task-management-api"
}
2025-10-14 00:31:45 [INFO]: ::1 - - [13/Oct/2025:19:01:45 +0000] "GET /api/projects? HTTP/1.1" 304 - "http://localhost:3000/" "Mozilla/5.0 (Windows NT 10.0; Win64; x64) AppleWebKit/537.36 (KHTML, like Gecko) Chrome/141.0.0.0 Safari/537.36"
{
  "service": "task-management-api"
}
2025-10-14 00:31:45 [INFO]: ::1 - - [13/Oct/2025:19:01:45 +0000] "GET /api/projects? HTTP/1.1" 304 - "http://localhost:3000/" "Mozilla/5.0 (Windows NT 10.0; Win64; x64) AppleWebKit/537.36 (KHTML, like Gecko) Chrome/141.0.0.0 Safari/537.36"
{
  "service": "task-management-api"
}
2025-10-14 00:31:49 [INFO]: ::1 - - [13/Oct/2025:19:01:49 +0000] "GET /api/projects? HTTP/1.1" 304 - "http://localhost:3000/" "Mozilla/5.0 (Windows NT 10.0; Win64; x64) AppleWebKit/537.36 (KHTML, like Gecko) Chrome/141.0.0.0 Safari/537.36"
{
  "service": "task-management-api"
}
2025-10-14 00:31:49 [INFO]: ::1 - - [13/Oct/2025:19:01:49 +0000] "GET /api/tasks? HTTP/1.1" 200 149 "http://localhost:3000/" "Mozilla/5.0 (Windows NT 10.0; Win64; x64) AppleWebKit/537.36 (KHTML, like Gecko) Chrome/141.0.0.0 Safari/537.36"
{
  "service": "task-management-api"
}
2025-10-14 00:31:49 [INFO]: ::1 - - [13/Oct/2025:19:01:49 +0000] "GET /api/projects? HTTP/1.1" 304 - "http://localhost:3000/" "Mozilla/5.0 (Windows NT 10.0; Win64; x64) AppleWebKit/537.36 (KHTML, like Gecko) Chrome/141.0.0.0 Safari/537.36"
{
  "service": "task-management-api"
}
2025-10-14 00:31:49 [INFO]: ::1 - - [13/Oct/2025:19:01:49 +0000] "GET /api/tasks? HTTP/1.1" 304 - "http://localhost:3000/" "Mozilla/5.0 (Windows NT 10.0; Win64; x64) AppleWebKit/537.36 (KHTML, like Gecko) Chrome/141.0.0.0 Safari/537.36"
{
  "service": "task-management-api"
}
2025-10-14 00:35:51 [INFO]: ::1 - - [13/Oct/2025:19:05:51 +0000] "GET /api/auth/profile HTTP/1.1" 304 - "http://localhost:3000/" "Mozilla/5.0 (Windows NT 10.0; Win64; x64) AppleWebKit/537.36 (KHTML, like Gecko) Chrome/141.0.0.0 Safari/537.36"
{
  "service": "task-management-api"
}
2025-10-14 00:35:51 [INFO]: ::1 - - [13/Oct/2025:19:05:51 +0000] "GET /api/auth/profile HTTP/1.1" 304 - "http://localhost:3000/" "Mozilla/5.0 (Windows NT 10.0; Win64; x64) AppleWebKit/537.36 (KHTML, like Gecko) Chrome/141.0.0.0 Safari/537.36"
{
  "service": "task-management-api"
}
2025-10-14 00:35:51 [INFO]: ::1 - - [13/Oct/2025:19:05:51 +0000] "GET /api/tasks? HTTP/1.1" 304 - "http://localhost:3000/" "Mozilla/5.0 (Windows NT 10.0; Win64; x64) AppleWebKit/537.36 (KHTML, like Gecko) Chrome/141.0.0.0 Safari/537.36"
{
  "service": "task-management-api"
}
2025-10-14 00:35:51 [INFO]: ::1 - - [13/Oct/2025:19:05:51 +0000] "GET /api/projects? HTTP/1.1" 304 - "http://localhost:3000/" "Mozilla/5.0 (Windows NT 10.0; Win64; x64) AppleWebKit/537.36 (KHTML, like Gecko) Chrome/141.0.0.0 Safari/537.36"
{
  "service": "task-management-api"
}
2025-10-14 00:35:57 [INFO]: ::1 - - [13/Oct/2025:19:05:57 +0000] "GET /api/auth/profile HTTP/1.1" 304 - "http://localhost:3000/" "Mozilla/5.0 (Windows NT 10.0; Win64; x64) AppleWebKit/537.36 (KHTML, like Gecko) Chrome/141.0.0.0 Safari/537.36"
{
  "service": "task-management-api"
}
2025-10-14 00:35:57 [INFO]: ::1 - - [13/Oct/2025:19:05:57 +0000] "GET /api/auth/profile HTTP/1.1" 304 - "http://localhost:3000/" "Mozilla/5.0 (Windows NT 10.0; Win64; x64) AppleWebKit/537.36 (KHTML, like Gecko) Chrome/141.0.0.0 Safari/537.36"
{
  "service": "task-management-api"
}
2025-10-14 00:35:57 [INFO]: ::1 - - [13/Oct/2025:19:05:57 +0000] "GET /api/tasks? HTTP/1.1" 304 - "http://localhost:3000/" "Mozilla/5.0 (Windows NT 10.0; Win64; x64) AppleWebKit/537.36 (KHTML, like Gecko) Chrome/141.0.0.0 Safari/537.36"
{
  "service": "task-management-api"
}
2025-10-14 00:35:57 [INFO]: ::1 - - [13/Oct/2025:19:05:57 +0000] "GET /api/projects? HTTP/1.1" 304 - "http://localhost:3000/" "Mozilla/5.0 (Windows NT 10.0; Win64; x64) AppleWebKit/537.36 (KHTML, like Gecko) Chrome/141.0.0.0 Safari/537.36"
{
  "service": "task-management-api"
}
2025-10-14 00:35:57 [INFO]: ::1 - - [13/Oct/2025:19:05:57 +0000] "GET /api/tasks? HTTP/1.1" 304 - "http://localhost:3000/" "Mozilla/5.0 (Windows NT 10.0; Win64; x64) AppleWebKit/537.36 (KHTML, like Gecko) Chrome/141.0.0.0 Safari/537.36"
{
  "service": "task-management-api"
}
2025-10-14 00:35:57 [INFO]: ::1 - - [13/Oct/2025:19:05:57 +0000] "GET /api/projects? HTTP/1.1" 304 - "http://localhost:3000/" "Mozilla/5.0 (Windows NT 10.0; Win64; x64) AppleWebKit/537.36 (KHTML, like Gecko) Chrome/141.0.0.0 Safari/537.36"
{
  "service": "task-management-api"
}
2025-10-14 00:36:00 [INFO]: ::1 - - [13/Oct/2025:19:06:00 +0000] "GET /api/auth/profile HTTP/1.1" 304 - "http://localhost:3000/" "Mozilla/5.0 (Windows NT 10.0; Win64; x64) AppleWebKit/537.36 (KHTML, like Gecko) Chrome/141.0.0.0 Safari/537.36"
{
  "service": "task-management-api"
}
2025-10-14 00:36:00 [INFO]: ::1 - - [13/Oct/2025:19:06:00 +0000] "GET /api/auth/profile HTTP/1.1" 304 - "http://localhost:3000/" "Mozilla/5.0 (Windows NT 10.0; Win64; x64) AppleWebKit/537.36 (KHTML, like Gecko) Chrome/141.0.0.0 Safari/537.36"
{
  "service": "task-management-api"
}
2025-10-14 00:36:00 [INFO]: ::1 - - [13/Oct/2025:19:06:00 +0000] "GET /api/tasks? HTTP/1.1" 304 - "http://localhost:3000/" "Mozilla/5.0 (Windows NT 10.0; Win64; x64) AppleWebKit/537.36 (KHTML, like Gecko) Chrome/141.0.0.0 Safari/537.36"
{
  "service": "task-management-api"
}
2025-10-14 00:36:00 [INFO]: ::1 - - [13/Oct/2025:19:06:00 +0000] "GET /api/projects? HTTP/1.1" 304 - "http://localhost:3000/" "Mozilla/5.0 (Windows NT 10.0; Win64; x64) AppleWebKit/537.36 (KHTML, like Gecko) Chrome/141.0.0.0 Safari/537.36"
{
  "service": "task-management-api"
}
2025-10-14 00:36:00 [INFO]: ::1 - - [13/Oct/2025:19:06:00 +0000] "GET /api/tasks? HTTP/1.1" 304 - "http://localhost:3000/" "Mozilla/5.0 (Windows NT 10.0; Win64; x64) AppleWebKit/537.36 (KHTML, like Gecko) Chrome/141.0.0.0 Safari/537.36"
{
  "service": "task-management-api"
}
2025-10-14 00:36:00 [INFO]: ::1 - - [13/Oct/2025:19:06:00 +0000] "GET /api/projects? HTTP/1.1" 304 - "http://localhost:3000/" "Mozilla/5.0 (Windows NT 10.0; Win64; x64) AppleWebKit/537.36 (KHTML, like Gecko) Chrome/141.0.0.0 Safari/537.36"
{
  "service": "task-management-api"
}
2025-10-14 00:36:02 [INFO]: ::1 - - [13/Oct/2025:19:06:02 +0000] "GET /api/auth/profile HTTP/1.1" 304 - "http://localhost:3000/" "Mozilla/5.0 (Windows NT 10.0; Win64; x64) AppleWebKit/537.36 (KHTML, like Gecko) Chrome/141.0.0.0 Safari/537.36"
{
  "service": "task-management-api"
}
2025-10-14 00:36:02 [INFO]: ::1 - - [13/Oct/2025:19:06:02 +0000] "GET /api/auth/profile HTTP/1.1" 304 - "http://localhost:3000/" "Mozilla/5.0 (Windows NT 10.0; Win64; x64) AppleWebKit/537.36 (KHTML, like Gecko) Chrome/141.0.0.0 Safari/537.36"
{
  "service": "task-management-api"
}
2025-10-14 00:36:02 [INFO]: ::1 - - [13/Oct/2025:19:06:02 +0000] "GET /api/tasks? HTTP/1.1" 304 - "http://localhost:3000/" "Mozilla/5.0 (Windows NT 10.0; Win64; x64) AppleWebKit/537.36 (KHTML, like Gecko) Chrome/141.0.0.0 Safari/537.36"
{
  "service": "task-management-api"
}
2025-10-14 00:36:02 [INFO]: ::1 - - [13/Oct/2025:19:06:02 +0000] "GET /api/projects? HTTP/1.1" 304 - "http://localhost:3000/" "Mozilla/5.0 (Windows NT 10.0; Win64; x64) AppleWebKit/537.36 (KHTML, like Gecko) Chrome/141.0.0.0 Safari/537.36"
{
  "service": "task-management-api"
}
2025-10-14 00:36:02 [INFO]: ::1 - - [13/Oct/2025:19:06:02 +0000] "GET /api/tasks? HTTP/1.1" 304 - "http://localhost:3000/" "Mozilla/5.0 (Windows NT 10.0; Win64; x64) AppleWebKit/537.36 (KHTML, like Gecko) Chrome/141.0.0.0 Safari/537.36"
{
  "service": "task-management-api"
}
2025-10-14 00:36:02 [INFO]: ::1 - - [13/Oct/2025:19:06:02 +0000] "GET /api/projects? HTTP/1.1" 304 - "http://localhost:3000/" "Mozilla/5.0 (Windows NT 10.0; Win64; x64) AppleWebKit/537.36 (KHTML, like Gecko) Chrome/141.0.0.0 Safari/537.36"
{
  "service": "task-management-api"
}
2025-10-14 00:37:43 [INFO]: ::1 - - [13/Oct/2025:19:07:43 +0000] "GET /api/auth/profile HTTP/1.1" 304 - "http://localhost:3000/" "Mozilla/5.0 (Windows NT 10.0; Win64; x64) AppleWebKit/537.36 (KHTML, like Gecko) Chrome/141.0.0.0 Safari/537.36"
{
  "service": "task-management-api"
}
2025-10-14 00:37:43 [INFO]: ::1 - - [13/Oct/2025:19:07:43 +0000] "GET /api/auth/profile HTTP/1.1" 304 - "http://localhost:3000/" "Mozilla/5.0 (Windows NT 10.0; Win64; x64) AppleWebKit/537.36 (KHTML, like Gecko) Chrome/141.0.0.0 Safari/537.36"
{
  "service": "task-management-api"
}
2025-10-14 00:37:43 [INFO]: ::1 - - [13/Oct/2025:19:07:43 +0000] "GET /api/tasks? HTTP/1.1" 304 - "http://localhost:3000/" "Mozilla/5.0 (Windows NT 10.0; Win64; x64) AppleWebKit/537.36 (KHTML, like Gecko) Chrome/141.0.0.0 Safari/537.36"
{
  "service": "task-management-api"
}
2025-10-14 00:37:43 [INFO]: ::1 - - [13/Oct/2025:19:07:43 +0000] "GET /api/projects? HTTP/1.1" 304 - "http://localhost:3000/" "Mozilla/5.0 (Windows NT 10.0; Win64; x64) AppleWebKit/537.36 (KHTML, like Gecko) Chrome/141.0.0.0 Safari/537.36"
{
  "service": "task-management-api"
}
2025-10-14 00:37:43 [INFO]: ::1 - - [13/Oct/2025:19:07:43 +0000] "GET /api/tasks? HTTP/1.1" 304 - "http://localhost:3000/" "Mozilla/5.0 (Windows NT 10.0; Win64; x64) AppleWebKit/537.36 (KHTML, like Gecko) Chrome/141.0.0.0 Safari/537.36"
{
  "service": "task-management-api"
}
2025-10-14 00:37:43 [INFO]: ::1 - - [13/Oct/2025:19:07:43 +0000] "GET /api/projects? HTTP/1.1" 304 - "http://localhost:3000/" "Mozilla/5.0 (Windows NT 10.0; Win64; x64) AppleWebKit/537.36 (KHTML, like Gecko) Chrome/141.0.0.0 Safari/537.36"
{
  "service": "task-management-api"
}
2025-10-14 00:45:51 [INFO]: ::1 - - [13/Oct/2025:19:15:51 +0000] "GET /api/auth/profile HTTP/1.1" 304 - "http://localhost:3000/" "Mozilla/5.0 (Windows NT 10.0; Win64; x64) AppleWebKit/537.36 (KHTML, like Gecko) Chrome/141.0.0.0 Safari/537.36"
{
  "service": "task-management-api"
}
2025-10-14 00:45:51 [INFO]: ::1 - - [13/Oct/2025:19:15:51 +0000] "GET /api/auth/profile HTTP/1.1" 304 - "http://localhost:3000/" "Mozilla/5.0 (Windows NT 10.0; Win64; x64) AppleWebKit/537.36 (KHTML, like Gecko) Chrome/141.0.0.0 Safari/537.36"
{
  "service": "task-management-api"
}
2025-10-14 00:45:51 [INFO]: ::1 - - [13/Oct/2025:19:15:51 +0000] "GET /api/tasks? HTTP/1.1" 304 - "http://localhost:3000/" "Mozilla/5.0 (Windows NT 10.0; Win64; x64) AppleWebKit/537.36 (KHTML, like Gecko) Chrome/141.0.0.0 Safari/537.36"
{
  "service": "task-management-api"
}
2025-10-14 00:45:51 [INFO]: ::1 - - [13/Oct/2025:19:15:51 +0000] "GET /api/projects? HTTP/1.1" 304 - "http://localhost:3000/" "Mozilla/5.0 (Windows NT 10.0; Win64; x64) AppleWebKit/537.36 (KHTML, like Gecko) Chrome/141.0.0.0 Safari/537.36"
{
  "service": "task-management-api"
}
2025-10-14 00:46:16 [INFO]: ::1 - - [13/Oct/2025:19:16:16 +0000] "GET /api/tasks? HTTP/1.1" 304 - "http://localhost:3000/" "Mozilla/5.0 (Windows NT 10.0; Win64; x64) AppleWebKit/537.36 (KHTML, like Gecko) Chrome/141.0.0.0 Safari/537.36"
{
  "service": "task-management-api"
}
2025-10-14 00:46:16 [INFO]: ::1 - - [13/Oct/2025:19:16:16 +0000] "GET /api/projects? HTTP/1.1" 304 - "http://localhost:3000/" "Mozilla/5.0 (Windows NT 10.0; Win64; x64) AppleWebKit/537.36 (KHTML, like Gecko) Chrome/141.0.0.0 Safari/537.36"
{
  "service": "task-management-api"
}
2025-10-14 00:46:16 [INFO]: ::1 - - [13/Oct/2025:19:16:16 +0000] "GET /api/tasks? HTTP/1.1" 304 - "http://localhost:3000/" "Mozilla/5.0 (Windows NT 10.0; Win64; x64) AppleWebKit/537.36 (KHTML, like Gecko) Chrome/141.0.0.0 Safari/537.36"
{
  "service": "task-management-api"
}
2025-10-14 00:46:16 [INFO]: ::1 - - [13/Oct/2025:19:16:16 +0000] "GET /api/projects? HTTP/1.1" 304 - "http://localhost:3000/" "Mozilla/5.0 (Windows NT 10.0; Win64; x64) AppleWebKit/537.36 (KHTML, like Gecko) Chrome/141.0.0.0 Safari/537.36"
{
  "service": "task-management-api"
}
2025-10-14 00:46:18 [INFO]: ::1 - - [13/Oct/2025:19:16:18 +0000] "GET /api/analytics/dashboard HTTP/1.1" 304 - "http://localhost:3000/" "Mozilla/5.0 (Windows NT 10.0; Win64; x64) AppleWebKit/537.36 (KHTML, like Gecko) Chrome/141.0.0.0 Safari/537.36"
{
  "service": "task-management-api"
}
2025-10-14 00:46:18 [INFO]: ::1 - - [13/Oct/2025:19:16:18 +0000] "GET /api/analytics/dashboard HTTP/1.1" 304 - "http://localhost:3000/" "Mozilla/5.0 (Windows NT 10.0; Win64; x64) AppleWebKit/537.36 (KHTML, like Gecko) Chrome/141.0.0.0 Safari/537.36"
{
  "service": "task-management-api"
}
2025-10-14 00:46:21 [INFO]: ::1 - - [13/Oct/2025:19:16:21 +0000] "GET /api/analytics/dashboard HTTP/1.1" 304 - "http://localhost:3000/" "Mozilla/5.0 (Windows NT 10.0; Win64; x64) AppleWebKit/537.36 (KHTML, like Gecko) Chrome/141.0.0.0 Safari/537.36"
{
  "service": "task-management-api"
}
2025-10-14 00:46:21 [INFO]: ::1 - - [13/Oct/2025:19:16:21 +0000] "GET /api/tasks? HTTP/1.1" 304 - "http://localhost:3000/" "Mozilla/5.0 (Windows NT 10.0; Win64; x64) AppleWebKit/537.36 (KHTML, like Gecko) Chrome/141.0.0.0 Safari/537.36"
{
  "service": "task-management-api"
}
2025-10-14 00:46:21 [INFO]: ::1 - - [13/Oct/2025:19:16:21 +0000] "GET /api/projects? HTTP/1.1" 304 - "http://localhost:3000/" "Mozilla/5.0 (Windows NT 10.0; Win64; x64) AppleWebKit/537.36 (KHTML, like Gecko) Chrome/141.0.0.0 Safari/537.36"
{
  "service": "task-management-api"
}
2025-10-14 00:46:21 [INFO]: ::1 - - [13/Oct/2025:19:16:21 +0000] "GET /api/tasks? HTTP/1.1" 304 - "http://localhost:3000/" "Mozilla/5.0 (Windows NT 10.0; Win64; x64) AppleWebKit/537.36 (KHTML, like Gecko) Chrome/141.0.0.0 Safari/537.36"
{
  "service": "task-management-api"
}
2025-10-14 00:46:21 [INFO]: ::1 - - [13/Oct/2025:19:16:21 +0000] "GET /api/projects? HTTP/1.1" 304 - "http://localhost:3000/" "Mozilla/5.0 (Windows NT 10.0; Win64; x64) AppleWebKit/537.36 (KHTML, like Gecko) Chrome/141.0.0.0 Safari/537.36"
{
  "service": "task-management-api"
}
2025-10-14 00:46:21 [INFO]: ::1 - - [13/Oct/2025:19:16:21 +0000] "GET /api/analytics/dashboard HTTP/1.1" 304 - "http://localhost:3000/" "Mozilla/5.0 (Windows NT 10.0; Win64; x64) AppleWebKit/537.36 (KHTML, like Gecko) Chrome/141.0.0.0 Safari/537.36"
{
  "service": "task-management-api"
}
2025-10-14 00:46:22 [INFO]: ::1 - - [13/Oct/2025:19:16:22 +0000] "GET /api/analytics/dashboard HTTP/1.1" 304 - "http://localhost:3000/" "Mozilla/5.0 (Windows NT 10.0; Win64; x64) AppleWebKit/537.36 (KHTML, like Gecko) Chrome/141.0.0.0 Safari/537.36"
{
  "service": "task-management-api"
}
2025-10-14 00:46:22 [INFO]: ::1 - - [13/Oct/2025:19:16:22 +0000] "GET /api/analytics/dashboard HTTP/1.1" 304 - "http://localhost:3000/" "Mozilla/5.0 (Windows NT 10.0; Win64; x64) AppleWebKit/537.36 (KHTML, like Gecko) Chrome/141.0.0.0 Safari/537.36"
{
  "service": "task-management-api"
}
2025-10-14 00:46:25 [INFO]: ::1 - - [13/Oct/2025:19:16:25 +0000] "GET /api/analytics/dashboard HTTP/1.1" 304 - "http://localhost:3000/" "Mozilla/5.0 (Windows NT 10.0; Win64; x64) AppleWebKit/537.36 (KHTML, like Gecko) Chrome/141.0.0.0 Safari/537.36"
{
  "service": "task-management-api"
}
2025-10-14 00:50:23 [INFO]: ::1 - - [13/Oct/2025:19:20:23 +0000] "GET /api/auth/profile HTTP/1.1" 304 - "http://localhost:3000/" "Mozilla/5.0 (Windows NT 10.0; Win64; x64) AppleWebKit/537.36 (KHTML, like Gecko) Chrome/141.0.0.0 Safari/537.36"
{
  "service": "task-management-api"
}
2025-10-14 00:50:23 [INFO]: ::1 - - [13/Oct/2025:19:20:23 +0000] "GET /api/auth/profile HTTP/1.1" 304 - "http://localhost:3000/" "Mozilla/5.0 (Windows NT 10.0; Win64; x64) AppleWebKit/537.36 (KHTML, like Gecko) Chrome/141.0.0.0 Safari/537.36"
{
  "service": "task-management-api"
}
2025-10-14 00:50:23 [INFO]: ::1 - - [13/Oct/2025:19:20:23 +0000] "GET /api/analytics/dashboard HTTP/1.1" 304 - "http://localhost:3000/" "Mozilla/5.0 (Windows NT 10.0; Win64; x64) AppleWebKit/537.36 (KHTML, like Gecko) Chrome/141.0.0.0 Safari/537.36"
{
  "service": "task-management-api"
}
2025-10-14 00:50:24 [INFO]: ::1 - - [13/Oct/2025:19:20:24 +0000] "GET /api/analytics/dashboard HTTP/1.1" 304 - "http://localhost:3000/" "Mozilla/5.0 (Windows NT 10.0; Win64; x64) AppleWebKit/537.36 (KHTML, like Gecko) Chrome/141.0.0.0 Safari/537.36"
{
  "service": "task-management-api"
}
2025-10-14 00:50:26 [INFO]: ::1 - - [13/Oct/2025:19:20:26 +0000] "GET /api/projects? HTTP/1.1" 304 - "http://localhost:3000/" "Mozilla/5.0 (Windows NT 10.0; Win64; x64) AppleWebKit/537.36 (KHTML, like Gecko) Chrome/141.0.0.0 Safari/537.36"
{
  "service": "task-management-api"
}
2025-10-14 00:50:26 [INFO]: ::1 - - [13/Oct/2025:19:20:26 +0000] "GET /api/tasks? HTTP/1.1" 304 - "http://localhost:3000/" "Mozilla/5.0 (Windows NT 10.0; Win64; x64) AppleWebKit/537.36 (KHTML, like Gecko) Chrome/141.0.0.0 Safari/537.36"
{
  "service": "task-management-api"
}
2025-10-14 00:50:26 [INFO]: ::1 - - [13/Oct/2025:19:20:26 +0000] "GET /api/projects? HTTP/1.1" 304 - "http://localhost:3000/" "Mozilla/5.0 (Windows NT 10.0; Win64; x64) AppleWebKit/537.36 (KHTML, like Gecko) Chrome/141.0.0.0 Safari/537.36"
{
  "service": "task-management-api"
}
2025-10-14 00:50:26 [INFO]: ::1 - - [13/Oct/2025:19:20:26 +0000] "GET /api/tasks? HTTP/1.1" 304 - "http://localhost:3000/" "Mozilla/5.0 (Windows NT 10.0; Win64; x64) AppleWebKit/537.36 (KHTML, like Gecko) Chrome/141.0.0.0 Safari/537.36"
{
  "service": "task-management-api"
}
2025-10-14 00:50:31 [INFO]: ::1 - - [13/Oct/2025:19:20:31 +0000] "GET /api/analytics/dashboard HTTP/1.1" 304 - "http://localhost:3000/" "Mozilla/5.0 (Windows NT 10.0; Win64; x64) AppleWebKit/537.36 (KHTML, like Gecko) Chrome/141.0.0.0 Safari/537.36"
{
  "service": "task-management-api"
}
2025-10-14 00:50:32 [INFO]: ::1 - - [13/Oct/2025:19:20:32 +0000] "GET /api/analytics/dashboard HTTP/1.1" 304 - "http://localhost:3000/" "Mozilla/5.0 (Windows NT 10.0; Win64; x64) AppleWebKit/537.36 (KHTML, like Gecko) Chrome/141.0.0.0 Safari/537.36"
{
  "service": "task-management-api"
}
2025-10-14 00:50:32 [INFO]: ::1 - - [13/Oct/2025:19:20:32 +0000] "GET /api/projects? HTTP/1.1" 304 - "http://localhost:3000/" "Mozilla/5.0 (Windows NT 10.0; Win64; x64) AppleWebKit/537.36 (KHTML, like Gecko) Chrome/141.0.0.0 Safari/537.36"
{
  "service": "task-management-api"
}
2025-10-14 00:50:33 [INFO]: ::1 - - [13/Oct/2025:19:20:33 +0000] "GET /api/projects? HTTP/1.1" 304 - "http://localhost:3000/" "Mozilla/5.0 (Windows NT 10.0; Win64; x64) AppleWebKit/537.36 (KHTML, like Gecko) Chrome/141.0.0.0 Safari/537.36"
{
  "service": "task-management-api"
}
2025-10-14 00:50:33 [INFO]: ::1 - - [13/Oct/2025:19:20:33 +0000] "GET /api/tasks? HTTP/1.1" 304 - "http://localhost:3000/" "Mozilla/5.0 (Windows NT 10.0; Win64; x64) AppleWebKit/537.36 (KHTML, like Gecko) Chrome/141.0.0.0 Safari/537.36"
{
  "service": "task-management-api"
}
2025-10-14 00:50:33 [INFO]: ::1 - - [13/Oct/2025:19:20:33 +0000] "GET /api/tasks? HTTP/1.1" 304 - "http://localhost:3000/" "Mozilla/5.0 (Windows NT 10.0; Win64; x64) AppleWebKit/537.36 (KHTML, like Gecko) Chrome/141.0.0.0 Safari/537.36"
{
  "service": "task-management-api"
}
2025-10-14 00:51:10 [INFO]: ::1 - - [13/Oct/2025:19:21:10 +0000] "POST /api/tasks HTTP/1.1" 400 150 "http://localhost:3000/" "Mozilla/5.0 (Windows NT 10.0; Win64; x64) AppleWebKit/537.36 (KHTML, like Gecko) Chrome/141.0.0.0 Safari/537.36"
{
  "service": "task-management-api"
}
2025-10-14 00:51:17 [INFO]: ::1 - - [13/Oct/2025:19:21:17 +0000] "POST /api/tasks HTTP/1.1" 400 150 "http://localhost:3000/" "Mozilla/5.0 (Windows NT 10.0; Win64; x64) AppleWebKit/537.36 (KHTML, like Gecko) Chrome/141.0.0.0 Safari/537.36"
{
  "service": "task-management-api"
}
2025-10-14 00:51:30 [INFO]: ::1 - - [13/Oct/2025:19:21:30 +0000] "POST /api/tasks HTTP/1.1" 400 150 "http://localhost:3000/" "Mozilla/5.0 (Windows NT 10.0; Win64; x64) AppleWebKit/537.36 (KHTML, like Gecko) Chrome/141.0.0.0 Safari/537.36"
{
  "service": "task-management-api"
}
2025-10-14 00:51:39 [INFO]: ::1 - - [13/Oct/2025:19:21:39 +0000] "POST /api/tasks HTTP/1.1" 400 150 "http://localhost:3000/" "Mozilla/5.0 (Windows NT 10.0; Win64; x64) AppleWebKit/537.36 (KHTML, like Gecko) Chrome/141.0.0.0 Safari/537.36"
{
  "service": "task-management-api"
}
2025-10-14 00:52:05 [INFO]: ::1 - - [13/Oct/2025:19:22:05 +0000] "GET /api/analytics/dashboard HTTP/1.1" 304 - "http://localhost:3000/" "Mozilla/5.0 (Windows NT 10.0; Win64; x64) AppleWebKit/537.36 (KHTML, like Gecko) Chrome/141.0.0.0 Safari/537.36"
{
  "service": "task-management-api"
}
2025-10-14 00:52:05 [INFO]: ::1 - - [13/Oct/2025:19:22:05 +0000] "GET /api/analytics/dashboard HTTP/1.1" 304 - "http://localhost:3000/" "Mozilla/5.0 (Windows NT 10.0; Win64; x64) AppleWebKit/537.36 (KHTML, like Gecko) Chrome/141.0.0.0 Safari/537.36"
{
  "service": "task-management-api"
}
2025-10-14 00:52:09 [INFO]: ::1 - - [13/Oct/2025:19:22:09 +0000] "POST /api/auth/logout HTTP/1.1" 200 89 "http://localhost:3000/" "Mozilla/5.0 (Windows NT 10.0; Win64; x64) AppleWebKit/537.36 (KHTML, like Gecko) Chrome/141.0.0.0 Safari/537.36"
{
  "service": "task-management-api"
}
2025-10-14 00:55:43 [INFO]: ::1 - - [13/Oct/2025:19:25:43 +0000] "POST /api/auth/login HTTP/1.1" 200 868 "http://localhost:3000/" "Mozilla/5.0 (Windows NT 10.0; Win64; x64) AppleWebKit/537.36 (KHTML, like Gecko) Chrome/141.0.0.0 Safari/537.36"
{
  "service": "task-management-api"
}
2025-10-14 00:55:46 [INFO]: ::1 - - [13/Oct/2025:19:25:46 +0000] "GET /api/analytics/dashboard HTTP/1.1" 304 - "http://localhost:3000/" "Mozilla/5.0 (Windows NT 10.0; Win64; x64) AppleWebKit/537.36 (KHTML, like Gecko) Chrome/141.0.0.0 Safari/537.36"
{
  "service": "task-management-api"
}
2025-10-14 00:55:46 [INFO]: ::1 - - [13/Oct/2025:19:25:46 +0000] "GET /api/analytics/dashboard HTTP/1.1" 304 - "http://localhost:3000/" "Mozilla/5.0 (Windows NT 10.0; Win64; x64) AppleWebKit/537.36 (KHTML, like Gecko) Chrome/141.0.0.0 Safari/537.36"
{
  "service": "task-management-api"
}
2025-10-14 00:55:51 [INFO]: ::1 - - [13/Oct/2025:19:25:51 +0000] "GET /api/projects? HTTP/1.1" 304 - "http://localhost:3000/" "Mozilla/5.0 (Windows NT 10.0; Win64; x64) AppleWebKit/537.36 (KHTML, like Gecko) Chrome/141.0.0.0 Safari/537.36"
{
  "service": "task-management-api"
}
2025-10-14 00:55:51 [INFO]: ::1 - - [13/Oct/2025:19:25:51 +0000] "GET /api/projects? HTTP/1.1" 304 - "http://localhost:3000/" "Mozilla/5.0 (Windows NT 10.0; Win64; x64) AppleWebKit/537.36 (KHTML, like Gecko) Chrome/141.0.0.0 Safari/537.36"
{
  "service": "task-management-api"
}
2025-10-14 00:55:53 [INFO]: ::1 - - [13/Oct/2025:19:25:53 +0000] "GET /api/analytics/dashboard HTTP/1.1" 304 - "http://localhost:3000/" "Mozilla/5.0 (Windows NT 10.0; Win64; x64) AppleWebKit/537.36 (KHTML, like Gecko) Chrome/141.0.0.0 Safari/537.36"
{
  "service": "task-management-api"
}
2025-10-14 00:55:54 [INFO]: ::1 - - [13/Oct/2025:19:25:54 +0000] "GET /api/analytics/dashboard HTTP/1.1" 304 - "http://localhost:3000/" "Mozilla/5.0 (Windows NT 10.0; Win64; x64) AppleWebKit/537.36 (KHTML, like Gecko) Chrome/141.0.0.0 Safari/537.36"
{
  "service": "task-management-api"
}
2025-10-14 00:55:54 [INFO]: ::1 - - [13/Oct/2025:19:25:54 +0000] "GET /api/projects? HTTP/1.1" 304 - "http://localhost:3000/" "Mozilla/5.0 (Windows NT 10.0; Win64; x64) AppleWebKit/537.36 (KHTML, like Gecko) Chrome/141.0.0.0 Safari/537.36"
{
  "service": "task-management-api"
}
2025-10-14 00:55:54 [INFO]: ::1 - - [13/Oct/2025:19:25:54 +0000] "GET /api/tasks? HTTP/1.1" 304 - "http://localhost:3000/" "Mozilla/5.0 (Windows NT 10.0; Win64; x64) AppleWebKit/537.36 (KHTML, like Gecko) Chrome/141.0.0.0 Safari/537.36"
{
  "service": "task-management-api"
}
2025-10-14 00:55:55 [INFO]: ::1 - - [13/Oct/2025:19:25:55 +0000] "GET /api/projects? HTTP/1.1" 304 - "http://localhost:3000/" "Mozilla/5.0 (Windows NT 10.0; Win64; x64) AppleWebKit/537.36 (KHTML, like Gecko) Chrome/141.0.0.0 Safari/537.36"
{
  "service": "task-management-api"
}
2025-10-14 00:55:55 [INFO]: ::1 - - [13/Oct/2025:19:25:55 +0000] "GET /api/tasks? HTTP/1.1" 304 - "http://localhost:3000/" "Mozilla/5.0 (Windows NT 10.0; Win64; x64) AppleWebKit/537.36 (KHTML, like Gecko) Chrome/141.0.0.0 Safari/537.36"
{
  "service": "task-management-api"
}
2025-10-14 00:56:02 [INFO]: ::1 - - [13/Oct/2025:19:26:02 +0000] "GET /api/analytics/dashboard HTTP/1.1" 304 - "http://localhost:3000/" "Mozilla/5.0 (Windows NT 10.0; Win64; x64) AppleWebKit/537.36 (KHTML, like Gecko) Chrome/141.0.0.0 Safari/537.36"
{
  "service": "task-management-api"
}
2025-10-14 00:56:02 [INFO]: ::1 - - [13/Oct/2025:19:26:02 +0000] "GET /api/analytics/dashboard HTTP/1.1" 304 - "http://localhost:3000/" "Mozilla/5.0 (Windows NT 10.0; Win64; x64) AppleWebKit/537.36 (KHTML, like Gecko) Chrome/141.0.0.0 Safari/537.36"
{
  "service": "task-management-api"
}
2025-10-14 00:56:07 [INFO]: ::1 - - [13/Oct/2025:19:26:07 +0000] "GET /api/analytics/dashboard HTTP/1.1" 304 - "http://localhost:3000/" "Mozilla/5.0 (Windows NT 10.0; Win64; x64) AppleWebKit/537.36 (KHTML, like Gecko) Chrome/141.0.0.0 Safari/537.36"
{
  "service": "task-management-api"
}
2025-10-14 00:56:07 [INFO]: ::1 - - [13/Oct/2025:19:26:07 +0000] "GET /api/analytics/dashboard HTTP/1.1" 304 - "http://localhost:3000/" "Mozilla/5.0 (Windows NT 10.0; Win64; x64) AppleWebKit/537.36 (KHTML, like Gecko) Chrome/141.0.0.0 Safari/537.36"
{
  "service": "task-management-api"
}
2025-10-14 00:56:38 [INFO]: ::1 - - [13/Oct/2025:19:26:38 +0000] "POST /api/auth/logout HTTP/1.1" 200 89 "http://localhost:3000/" "Mozilla/5.0 (Windows NT 10.0; Win64; x64) AppleWebKit/537.36 (KHTML, like Gecko) Chrome/141.0.0.0 Safari/537.36"
{
  "service": "task-management-api"
}
